
  🦁 Aloomii Company Brain
  Local: http://localhost:3200
  API:   http://localhost:3200/api/command
  Health: http://localhost:3200/health
  CORS:   all origins (dev)

GET     /                                        404  3ms
GET     /                                        404  2ms
GET     /styles.css                              404  3ms
GET     /images/logos/brand-logo.png             404  2ms
GET     /app.js                                  404  4ms
GET     /api/command                             200  21ms
GET     /api/command/outreach/recent             200  0ms
GET     /api/command                             200  57ms
GET     /api/command                             200  21ms
GET     /api/command                             200  13ms
GET     /api/command                             200  15ms
GET     /api/command                             200  11ms
GET     /api/command                             200  11ms
GET     /api/command                             200  12ms
GET     /api/command                             200  10ms
GET     /api/command                             200  10ms
GET     /api/command                             200  12ms
GET     /api/command                             200  11ms
GET     /api/command                             200  11ms
GET     /api/command                             200  13ms
GET     /api/command                             200  11ms
GET     /api/command                             200  12ms
GET     /api/command                             200  8ms
GET     /api/command                             200  39ms
GET     /api/command                             200  12ms
GET     /api/command                             200  11ms
GET     /api/command                             200  10ms
GET     /api/command                             200  4ms
GET     /api/command                             200  11ms
GET     /api/command                             200  10ms
GET     /api/command                             200  11ms
GET     /api/command                             200  14ms
GET     /api/command                             200  10ms
GET     /api/command                             200  13ms
GET     /api/command                             200  15ms
GET     /api/command                             200  11ms
GET     /api/command                             200  11ms
GET     /api/command                             200  13ms
GET     /api/command                             200  12ms
GET     /api/command                             200  10ms
GET     /api/command                             200  8ms
GET     /api/command                             200  8ms
GET     /api/command                             200  8ms
GET     /api/command                             200  6ms
GET     /api/command                             200  8ms
GET     /api/command                             200  10ms
GET     /api/command                             200  13ms
GET     /api/command                             200  14ms
GET     /api/command                             200  13ms
GET     /api/command                             200  14ms
GET     /api/command                             200  13ms
GET     /api/command                             200  13ms
GET     /api/command                             200  8ms
GET     /api/command                             200  11ms
GET     /api/command                             200  11ms
GET     /api/command                             200  11ms
GET     /api/command                             200  12ms
GET     /api/command                             200  3ms
GET     /api/command                             200  38ms
GET     /api/command                             200  12ms
GET     /api/command                             200  13ms
GET     /api/command                             200  13ms
GET     /api/command                             200  13ms
GET     /                                        404  11ms
GET     /styles.css                              404  8ms
GET     /images/logos/brand-logo.png             404  4ms
GET     /app.js                                  404  10ms
GET     /api/command                             200  10ms
GET     /api/command/outreach/recent             200  1ms
GET     /api/command                             200  53ms
GET     /api/command/influencers                 200  3ms
GET     /api/command/influencers/budget          200  6ms
GET     /api/command/influencers/config          200  1ms
GET     /api/command/influencers/budget          200  0ms
GET     /api/command/influencers                 200  0ms
GET     /api/command/buffer/drafts               200  36ms
GET     /api/command/pain-signals                200  0ms
GET     /api/command/buffer/drafts               200  1ms
GET     /api/command/pain-signals                200  0ms
GET     /api/command/buffer/drafts               200  0ms
GET     /api/command/pain-signals                200  0ms
GET     /api/command/buffer/drafts               200  1ms
GET     /api/command/pain-signals                200  0ms
GET     /api/command/influencers                 200  0ms
GET     /api/command/influencers/budget          200  1ms
GET     /api/command/influencers/config          200  1ms
GET     /api/command/influencers/budget          200  0ms
GET     /api/command/influencers                 200  0ms
GET     /api/command                             200  10ms
GET     /api/command                             200  12ms
GET     /api/command                             200  14ms
GET     /api/command                             200  10ms
GET     /api/command                             200  9ms
GET     /api/command                             200  11ms
GET     /api/command                             200  12ms
GET     /api/command                             200  11ms
GET     /api/command                             200  8ms
GET     /api/command                             200  11ms
GET     /api/command                             200  12ms
GET     /api/command                             200  13ms
GET     /api/command                             200  11ms
GET     /api/command                             200  12ms
GET     /api/command                             200  13ms
GET     /api/command                             200  4ms
GET     /api/command                             200  11ms
GET     /api/command                             200  5ms
GET     /api/command                             200  12ms
GET     /api/command                             200  16ms
GET     /api/command                             200  12ms
GET     /api/command                             200  11ms
GET     /api/command                             200  13ms
GET     /                                        404  16ms
GET     /styles.css                              404  7ms
GET     /app.js                                  404  13ms
GET     /images/logos/brand-logo.png             404  6ms
GET     /api/command                             200  17ms
GET     /api/command/outreach/recent             200  0ms
GET     /api/command                             200  52ms
GET     /api/command/influencers                 200  2ms
GET     /api/command/influencers/budget          200  0ms
GET     /api/command/influencers/config          200  0ms
GET     /api/command/influencers                 200  0ms
GET     /api/command/influencers/budget          200  0ms
GET     /api/command/buffer/drafts               200  6ms
GET     /api/command/pain-signals                200  0ms
GET     /api/command/influencers                 200  1ms
GET     /api/command/influencers/budget          200  0ms
GET     /api/command/influencers/config          200  0ms
GET     /api/command/influencers                 200  0ms
GET     /api/command/influencers/budget          200  0ms
GET     /api/research/pulse                      200  1ms
GET     /api/research/radar                      200  1ms
GET     /api/research/patterns                   200  1ms
GET     /api/research/targets                    200  0ms
GET     /api/command/buffer/drafts               200  11ms
GET     /api/command/pain-signals                200  1ms
GET     /api/research/pulse                      200  1ms
GET     /api/research/radar                      200  0ms
GET     /api/research/targets                    200  0ms
GET     /api/research/patterns                   200  1ms
GET     /api/command/influencers                 200  0ms
GET     /api/command/influencers/budget          200  0ms
GET     /api/command/influencers/config          200  0ms
GET     /api/command/influencers/budget          200  0ms
GET     /api/command/influencers                 200  0ms
GET     /api/command/buffer/drafts               200  10ms
GET     /api/command/pain-signals                200  0ms
GET     /api/command                             200  78ms
GET     /api/command                             200  21ms
GET     /api/command                             200  13ms
GET     /api/command                             200  22ms
GET     /api/command                             200  16ms
GET     /api/command                             200  22ms
GET     /api/command                             200  14ms
GET     /api/command                             200  23ms
GET     /api/command                             200  15ms
GET     /api/command                             200  13ms
GET     /api/command                             200  8ms
GET     /api/command                             200  14ms
GET     /api/command                             200  15ms
GET     /api/command                             200  14ms
GET     /api/command                             200  12ms
GET     /api/command                             200  12ms
GET     /api/command                             200  13ms
GET     /api/command                             200  15ms
GET     /api/command                             200  11ms
GET     /api/command                             200  13ms
GET     /api/command                             200  13ms
GET     /api/command                             200  13ms
GET     /api/command                             200  16ms
GET     /api/command                             200  14ms
GET     /api/command                             200  16ms
GET     /api/command                             200  9ms
GET     /api/command                             200  13ms
GET     /api/command                             200  11ms
GET     /api/command                             200  12ms
GET     /api/command                             200  16ms
GET     /api/command                             200  14ms
GET     /api/command                             200  14ms
GET     /api/command                             200  11ms
GET     /api/command                             200  13ms
GET     /api/command                             200  10ms
GET     /api/command                             200  15ms
GET     /api/command                             200  12ms
GET     /api/command                             200  11ms
GET     /api/command                             200  13ms
GET     /api/command                             200  13ms
GET     /api/command                             200  12ms
GET     /api/command                             200  15ms
GET     /api/command                             200  12ms
GET     /api/command                             200  13ms
GET     /api/command                             200  15ms
GET     /api/command                             200  14ms
GET     /                                        404  16ms
GET     /styles.css                              404  8ms
GET     /images/logos/brand-logo.png             404  4ms
GET     /app.js                                  404  11ms
GET     /api/command                             200  12ms
GET     /api/command/outreach/recent             200  0ms
GET     /api/command                             200  57ms
GET     /api/command                             200  14ms
GET     /api/command                             200  13ms
GET     /api/command                             200  13ms
GET     /api/command                             200  13ms
GET     /api/command                             200  13ms
