
  🦁 Aloomii Command Center
  Local: http://localhost:3200
  API:   http://localhost:3200/api/command
  Health: http://localhost:3200/health
  CORS:   all origins (dev)

GET     /                                        404  2ms
GET     /                                        404  2ms
GET     /styles.css                              404  2ms
GET     /app.js                                  404  3ms
GET     /api/command/outreach/recent             200  6ms
GET     /api/command                             200  1ms
GET     /api/command                             200  3ms
GET     /                                        404  1ms
GET     /styles.css                              404  2ms
GET     /app.js                                  404  3ms
GET     /api/command/outreach/recent             200  1ms
GET     /api/command                             200  1ms
GET     /api/command                             200  2ms
GET     /api/command                             200  3ms
GET     /api/command                             200  5ms
GET     /api/command                             200  5ms
GET     /api/command                             200  6ms
GET     /api/command                             200  5ms
GET     /api/command                             200  6ms
GET     /api/command                             200  5ms
GET     /api/command                             200  5ms
GET     /api/command                             200  6ms
GET     /api/command                             200  5ms
GET     /api/command                             200  6ms
GET     /api/command                             200  6ms
GET     /api/command                             200  4ms
GET     /api/command                             200  3ms
GET     /api/command                             200  3ms
GET     /api/command                             200  6ms
GET     /api/command                             200  5ms
GET     /api/command                             200  4ms
GET     /api/command                             200  25ms
GET     /api/command                             200  58ms
GET     /api/command                             200  6ms
GET     /api/command                             200  5ms
GET     /api/command                             200  3ms
GET     /api/command                             200  4ms
GET     /api/command                             200  7ms
GET     /api/command                             200  8ms

  SIGTERM received — shutting down gracefully...
  HTTP server closed.
  Goodbye.

