
  🦁 Aloomii Command Center
  Local: http://localhost:3200
  API:   http://localhost:3200/api/command
  Health: http://localhost:3200/health
  CORS:   all origins (dev)

GET     /api/research/pulse                      200  8ms
GET     /api/research/pulse                      200  0ms
GET     /api/research/radar                      200  0ms
GET     /api/research/targets                    200  0ms
GET     /api/research/pulse                      200  0ms
GET     /api/research/radar                      200  0ms
GET     /api/research/targets                    200  0ms
GET     /api/research/pulse                      200  0ms
GET     /api/research/radar                      200  0ms
GET     /api/research/targets                    200  0ms
GET     /                                        404  20ms
GET     /styles.css                              404  2ms
GET     /app.js                                  404  4ms
GET     /api/command                             200  41ms
GET     /api/command/outreach/recent             200  0ms
GET     /api/command                             200  2ms
GET     /api/research/pulse                      200  0ms
GET     /api/research/radar                      200  0ms
GET     /api/research/targets                    200  0ms
GET     /api/command/influencers                 200  0ms
GET     /api/command/influencers/budget          200  0ms
GET     /api/research/pulse                      200  0ms
GET     /api/research/radar                      200  1ms
GET     /api/research/targets                    200  0ms
GET     /api/research/pulse                      200  1ms
GET     /api/research/radar                      200  1ms
GET     /api/research/targets                    200  0ms
GET     /api/research/pulse                      200  1ms
GET     /api/research/radar                      200  0ms
GET     /api/research/targets                    200  0ms
GET     /api/research/pulse                      200  0ms
GET     /api/research/radar                      200  0ms
GET     /api/research/targets                    200  0ms
GET     /api/research/pulse                      200  0ms
GET     /api/research/radar                      200  0ms
GET     /api/research/targets                    200  0ms
GET     /api/research/pulse                      200  4ms
GET     /api/research/radar                      200  0ms
GET     /api/research/targets                    200  0ms
GET     /api/research/pulse                      200  0ms
GET     /api/research/radar                      200  0ms
GET     /api/research/targets                    200  0ms
GET     /api/research/pulse                      200  0ms
GET     /api/research/radar                      200  0ms
GET     /api/research/targets                    200  0ms
GET     /api/research/pulse                      200  0ms
GET     /api/research/radar                      200  0ms
GET     /api/research/targets                    200  0ms
GET     /api/command                             200  25ms
GET     /api/command                             200  6ms
GET     /api/command                             200  6ms
GET     /api/command                             200  4ms
